{
  "stats": {
    "suites": 1,
    "tests": 1,
    "passes": 1,
    "pending": 0,
    "failures": 0,
    "start": "2022-09-05T05:51:53.814Z",
    "end": "2022-09-05T05:52:00.047Z",
    "duration": 6233,
    "testsRegistered": 1,
    "passPercent": 100,
    "pendingPercent": 0,
    "other": 0,
    "hasOther": false,
    "skipped": 0,
    "hasSkipped": false
  },
  "results": [
    {
      "uuid": "830f73ee-ec6d-4360-90c6-f759ea349387",
      "title": "",
      "fullFile": "cypress/e2e/testa.spec.js",
      "file": "cypress/e2e/testa.spec.js",
      "beforeHooks": [],
      "afterHooks": [],
      "tests": [],
      "suites": [
        {
          "uuid": "68081fc5-2e12-4fcb-8fee-7fb8b3202d89",
          "title": "Home Page tests",
          "fullFile": "",
          "file": "",
          "beforeHooks": [],
          "afterHooks": [],
          "tests": [
            {
              "title": "TC001: Validated the Login Page",
              "fullTitle": "Home Page tests TC001: Validated the Login Page",
              "timedOut": null,
              "duration": 6214,
              "state": "passed",
              "speed": "medium",
              "pass": true,
              "fail": false,
              "pending": false,
              "context": null,
              "code": "const homePage = new _homePage.default();\nhomePage.enterValueInFirstNameField(this.data.name);\nhomePage.enterValueInCountryAutoComplete(this.data.country);\nhomePage.selectCountryAutoDropValue(this.data.country);\nhomePage.isCourseAvailableInCourseTable(this.data.courseName);\nhomePage.clickOnTopBanerButton('Home');\nconst registrationPage = new _registrationPage.default();\nregistrationPage.validateIfRegistrationButtonDisplayed();",
              "err": {},
              "uuid": "71fef03b-ea6a-4b5e-8f3a-baf3d5ea2333",
              "parentUUID": "68081fc5-2e12-4fcb-8fee-7fb8b3202d89",
              "isHook": false,
              "skipped": false
            }
          ],
          "suites": [],
          "passes": [
            "71fef03b-ea6a-4b5e-8f3a-baf3d5ea2333"
          ],
          "failures": [],
          "pending": [],
          "skipped": [],
          "duration": 6214,
          "root": false,
          "rootEmpty": false,
          "_timeout": 2000
        }
      ],
      "passes": [],
      "failures": [],
      "pending": [],
      "skipped": [],
      "duration": 0,
      "root": true,
      "rootEmpty": true,
      "_timeout": 2000
    }
  ],
  "meta": {
    "mocha": {
      "version": "7.0.1"
    },
    "mochawesome": {
      "options": {
        "quiet": false,
        "reportFilename": "mochawesome",
        "saveHtml": true,
        "saveJson": true,
        "consoleReporter": "spec",
        "useInlineDiffs": false,
        "code": true
      },
      "version": "7.1.3"
    },
    "marge": {
      "options": null,
      "version": "6.2.0"
    }
  }
}